callback: adding "hi" to queue of size 0
server: got "hi"
server: adding new socket: <websockets.server.WebSocketServerProtocol object at 0x7fe979472ef0>
server: sending "welcome" to <websockets.server.WebSocketServerProtocol object at 0x7fe979472ef0>
callback: adding "hi" to queue of size 0
server: got "hi"
server: sending "hi" to <websockets.server.WebSocketServerProtocol object at 0x7fe979472ef0>
server: connection closed to <websockets.server.WebSocketServerProtocol object at 0x7fe979472ef0>
callback: adding "hi" to queue of size 0
server: got "hi"
server: sending "hi" to <websockets.server.WebSocketServerProtocol object at 0x7fe979472ef0>
server: connection closed to <websockets.server.WebSocketServerProtocol object at 0x7fe979472ef0>
server: adding new socket: <websockets.server.WebSocketServerProtocol object at 0x7fe9784094a8>
server: sending "welcome" to <websockets.server.WebSocketServerProtocol object at 0x7fe9784094a8>
callback: adding "hi" to queue of size 0
server: got "hi"
server: sending "hi" to <websockets.server.WebSocketServerProtocol object at 0x7fe979472ef0>
server: connection closed to <websockets.server.WebSocketServerProtocol object at 0x7fe979472ef0>
server: sending "hi" to <websockets.server.WebSocketServerProtocol object at 0x7fe9784094a8>
server: connection closed to <websockets.server.WebSocketServerProtocol object at 0x7fe9784094a8>
server: adding new socket: <websockets.server.WebSocketServerProtocol object at 0x7fe9784097f0>
server: sending "welcome" to <websockets.server.WebSocketServerProtocol object at 0x7fe9784097f0>
callback: adding "hi" to queue of size 0
server: got "hi"
server: sending "hi" to <websockets.server.WebSocketServerProtocol object at 0x7fe979472ef0>
server: connection closed to <websockets.server.WebSocketServerProtocol object at 0x7fe979472ef0>
server: sending "hi" to <websockets.server.WebSocketServerProtocol object at 0x7fe9784094a8>
server: connection closed to <websockets.server.WebSocketServerProtocol object at 0x7fe9784094a8>
server: sending "hi" to <websockets.server.WebSocketServerProtocol object at 0x7fe9784097f0>
server: connection closed to <websockets.server.WebSocketServerProtocol object at 0x7fe9784097f0>
